0 verbose cli /usr/local/nvm/versions/node/v24.13.1/bin/node /usr/local/nvm/versions/node/v24.13.1/bin/npm
1 info using npm@11.9.0
2 info using node@v24.13.1
3 silly config load:file:/usr/local/nvm/versions/node/v24.13.1/lib/node_modules/npm/npmrc
4 silly config load:file:/home/oscarmonteromonteromendez/.npmrc
5 silly config load:file:/usr/local/nvm/versions/node/v24.13.1/etc/npmrc
6 verbose title npm pack @itsukichan/libsignal-node
7 verbose argv "pack" "@itsukichan/libsignal-node"
8 verbose logfile logs-max:10 dir:/home/oscarmonteromonteromendez/.npm/_logs/2026-02-24T12_34_38_482Z-
9 verbose logfile /home/oscarmonteromonteromendez/.npm/_logs/2026-02-24T12_34_38_482Z-debug-0.log
10 silly logfile done cleaning log files
11 http fetch GET 200 https://registry.npmjs.org/@itsukichan%2flibsignal-node 492ms (cache miss)
12 http cache https://registry.npmjs.org/@itsukichan%2flibsignal-node 9ms (cache hit)
13 http cache https://registry.npmjs.org/@itsukichan/libsignal-node/-/libsignal-node-1.0.1.tgz 0ms (cache hit)
14 silly tarball no local data for https://registry.npmjs.org/@itsukichan/libsignal-node/-/libsignal-node-1.0.1.tgz. Extracting by manifest.
15 http fetch GET 200 https://registry.npmjs.org/@itsukichan/libsignal-node/-/libsignal-node-1.0.1.tgz 126ms (cache miss)
16 notice
17 notice 📦  @itsukichan/libsignal-node@1.0.1
18 notice Tarball Contents
19 notice 32.5kB LICENSE
19 notice 2.2kB README.md
19 notice 428B index.js
19 notice 446B package.json
19 notice 583B src/.eslintrc.json
19 notice 80B src/base_key_type.js
19 notice 85B src/chain_type.js
19 notice 2.6kB src/crypto.js
19 notice 4.6kB src/curve.js
19 notice 891B src/errors.js
19 notice 1.4kB src/keyhelper.js
19 notice 2.2kB src/numeric_fingerprint.js
19 notice 200B src/protobufs.js
19 notice 1.1kB src/protocol_address.js
19 notice 2.1kB src/queue_job.js
19 notice 7.1kB src/session_builder.js
19 notice 14.3kB src/session_cipher.js
19 notice 10.0kB src/session_record.js
19 notice 44.5kB src/WhisperTextProtocol.js
20 notice Tarball Details
21 notice name: @itsukichan/libsignal-node
22 notice version: 1.0.1
23 notice filename: itsukichan-libsignal-node-1.0.1.tgz
24 notice package size: 27.3 kB
25 notice unpacked size: 127.2 kB
26 notice shasum: 763253523a9660602fac6007854e9592c5ad2411
27 notice integrity: sha512-qmiLy8zyXkcY0[...]iLM7W1Jn7FDwg==
28 notice total files: 19
29 notice
30 verbose cwd /home/oscarmonteromonteromendez
31 verbose os Linux 6.6.111+
32 verbose node v24.13.1
33 verbose npm  v11.9.0
34 verbose exit 0
35 info ok
